<html>
<head>
<title>TestNG:  Default test</title>
<link href="../testng.css" rel="stylesheet" type="text/css" />
<link href="../my-testng.css" rel="stylesheet" type="text/css" />

<style type="text/css">
.log { display: none;} 
.stack-trace { display: none;} 
</style>
<script type="text/javascript">
<!--
function flip(e) {
  current = e.style.display;
  if (current == 'block') {
    e.style.display = 'none';
    return 0;
  }
  else {
    e.style.display = 'block';
    return 1;
  }
}

function toggleBox(szDivId, elem, msg1, msg2)
{
  var res = -1;  if (document.getElementById) {
    res = flip(document.getElementById(szDivId));
  }
  else if (document.all) {
    // this is the way old msie versions work
    res = flip(document.all[szDivId]);
  }
  if(elem) {
    if(res == 0) elem.innerHTML = msg1; else elem.innerHTML = msg2;
  }

}

function toggleAllBoxes() {
  if (document.getElementsByTagName) {
    d = document.getElementsByTagName('div');
    for (i = 0; i < d.length; i++) {
      if (d[i].className == 'log') {
        flip(d[i]);
      }
    }
  }
}

// -->
</script>

</head>
<body>
<h2 align='center'>Default test</h2><table border='1' align="center">
<tr>
<td>Tests passed/Failed/Skipped:</td><td>0/7/0</td>
</tr><tr>
<td>Started on:</td><td>Fri May 05 22:56:54 IST 2023</td>
</tr>
<tr><td>Total time:</td><td>13 seconds (13681 ms)</td>
</tr><tr>
<td>Included groups:</td><td></td>
</tr><tr>
<td>Excluded groups:</td><td></td>
</tr>
</table><p/>
<small><i>(Hover the method name to see the test class name)</i></small><p/>
<table width='100%' border='1' class='invocation-failed'>
<tr><td colspan='4' align='center'><b>FAILED TESTS</b></td></tr>
<tr><td><b>Test method</b></td>
<td width="30%"><b>Exception</b></td>
<td width="10%"><b>Time (seconds)</b></td>
<td><b>Instance</b></td>
</tr>
<tr>
<td title='Parallel.TestNg_ParallelTestingTest.runScenario()'><b>runScenario</b><br>Test class: Parallel.TestNg_ParallelTestingTest<br>Test method: Runs Cucumber Scenarios<br>Parameters: "account section count", "Optional[My Account Page Feature]"</td>
<td><div><pre>java.lang.NullPointerException: Cannot invoke &quot;org.openqa.selenium.WebDriver.get(String)&quot; because the return value of &quot;com.qa.factory.DriverFactory.getDriver()&quot; is null
	at Parallel.AccountPageSteps.user_is_already_logged_in_the_application(AccountPageSteps.java:24)
	at ?.User is already logged in the application(classpath:Parallel/MyAccount.feature:6)
</pre></div><a href='#' onClick='toggleBox("stack-trace137462419", this, "Click to show all stack frames", "Click to hide stack frames")'>Click to show all stack frames</a>
<div class='stack-trace' id='stack-trace137462419'><pre>java.lang.NullPointerException: Cannot invoke &quot;org.openqa.selenium.WebDriver.get(String)&quot; because the return value of &quot;com.qa.factory.DriverFactory.getDriver()&quot; is null
	at Parallel.AccountPageSteps.user_is_already_logged_in_the_application(AccountPageSteps.java:24)
	at ?.User is already logged in the application(classpath:Parallel/MyAccount.feature:6)
</pre></div></td>
<td>0</td>
<td>Parallel.TestNg_ParallelTestingTest@17bffc17</td></tr>
<tr>
<td title='Parallel.TestNg_ParallelTestingTest.runScenario()'><b>runScenario</b><br>Test class: Parallel.TestNg_ParallelTestingTest<br>Test method: Runs Cucumber Scenarios<br>Parameters: "Login page title", "Optional[Login Page]"</td>
<td><div><pre>java.lang.NullPointerException: Cannot invoke &quot;org.openqa.selenium.WebDriver.get(String)&quot; because the return value of &quot;com.qa.factory.DriverFactory.getDriver()&quot; is null
	at Parallel.LoginPageStep.userIsOnLoginPage(LoginPageStep.java:18)
	at ?.User is on login Page(classpath:Parallel/LoginPage.feature:5)
</pre></div><a href='#' onClick='toggleBox("stack-trace605840789", this, "Click to show all stack frames", "Click to hide stack frames")'>Click to show all stack frames</a>
<div class='stack-trace' id='stack-trace605840789'><pre>java.lang.NullPointerException: Cannot invoke &quot;org.openqa.selenium.WebDriver.get(String)&quot; because the return value of &quot;com.qa.factory.DriverFactory.getDriver()&quot; is null
	at Parallel.LoginPageStep.userIsOnLoginPage(LoginPageStep.java:18)
	at ?.User is on login Page(classpath:Parallel/LoginPage.feature:5)
</pre></div></td>
<td>0</td>
<td>Parallel.TestNg_ParallelTestingTest@17bffc17</td></tr>
<tr>
<td title='Parallel.TestNg_ParallelTestingTest.runScenario()'><b>runScenario</b><br>Test class: Parallel.TestNg_ParallelTestingTest<br>Test method: Runs Cucumber Scenarios<br>Parameters: "Contact us by different set of data", "Optional[coontact us page]"</td>
<td><div><pre>java.lang.NullPointerException: Cannot invoke &quot;com.pages.AccountPage.ClickOnContactUs()&quot; because &quot;this.accountPage&quot; is null
	at Parallel.ContactUsPageSteps.user_navigate_to_the_contact_us_page(ContactUsPageSteps.java:28)
	at ?.User Navigate to the contact us Page(classpath:Parallel/ContactUs.feature:4)
</pre></div><a href='#' onClick='toggleBox("stack-trace1430258610", this, "Click to show all stack frames", "Click to hide stack frames")'>Click to show all stack frames</a>
<div class='stack-trace' id='stack-trace1430258610'><pre>java.lang.NullPointerException: Cannot invoke &quot;com.pages.AccountPage.ClickOnContactUs()&quot; because &quot;this.accountPage&quot; is null
	at Parallel.ContactUsPageSteps.user_navigate_to_the_contact_us_page(ContactUsPageSteps.java:28)
	at ?.User Navigate to the contact us Page(classpath:Parallel/ContactUs.feature:4)
</pre></div></td>
<td>0</td>
<td>Parallel.TestNg_ParallelTestingTest@17bffc17</td></tr>
<tr>
<td title='Parallel.TestNg_ParallelTestingTest.runScenario()'><b>runScenario</b><br>Test class: Parallel.TestNg_ParallelTestingTest<br>Test method: Runs Cucumber Scenarios<br>Parameters: "Forgot password link", "Optional[Login Page]"</td>
<td><div><pre>java.lang.NullPointerException: Cannot invoke &quot;org.openqa.selenium.WebDriver.get(String)&quot; because the return value of &quot;com.qa.factory.DriverFactory.getDriver()&quot; is null
	at Parallel.LoginPageStep.userIsOnLoginPage(LoginPageStep.java:18)
	at ?.User is on login Page(classpath:Parallel/LoginPage.feature:5)
</pre></div><a href='#' onClick='toggleBox("stack-trace14954923", this, "Click to show all stack frames", "Click to hide stack frames")'>Click to show all stack frames</a>
<div class='stack-trace' id='stack-trace14954923'><pre>java.lang.NullPointerException: Cannot invoke &quot;org.openqa.selenium.WebDriver.get(String)&quot; because the return value of &quot;com.qa.factory.DriverFactory.getDriver()&quot; is null
	at Parallel.LoginPageStep.userIsOnLoginPage(LoginPageStep.java:18)
	at ?.User is on login Page(classpath:Parallel/LoginPage.feature:5)
</pre></div></td>
<td>0</td>
<td>Parallel.TestNg_ParallelTestingTest@17bffc17</td></tr>
<tr>
<td title='Parallel.TestNg_ParallelTestingTest.runScenario()'><b>runScenario</b><br>Test class: Parallel.TestNg_ParallelTestingTest<br>Test method: Runs Cucumber Scenarios<br>Parameters: "Contact us by different set of data", "Optional[coontact us page]"</td>
<td><div><pre>java.lang.NullPointerException: Cannot invoke &quot;com.pages.AccountPage.ClickOnContactUs()&quot; because &quot;this.accountPage&quot; is null
	at Parallel.ContactUsPageSteps.user_navigate_to_the_contact_us_page(ContactUsPageSteps.java:28)
	at ?.User Navigate to the contact us Page(classpath:Parallel/ContactUs.feature:4)
</pre></div><a href='#' onClick='toggleBox("stack-trace913251714", this, "Click to show all stack frames", "Click to hide stack frames")'>Click to show all stack frames</a>
<div class='stack-trace' id='stack-trace913251714'><pre>java.lang.NullPointerException: Cannot invoke &quot;com.pages.AccountPage.ClickOnContactUs()&quot; because &quot;this.accountPage&quot; is null
	at Parallel.ContactUsPageSteps.user_navigate_to_the_contact_us_page(ContactUsPageSteps.java:28)
	at ?.User Navigate to the contact us Page(classpath:Parallel/ContactUs.feature:4)
</pre></div></td>
<td>0</td>
<td>Parallel.TestNg_ParallelTestingTest@17bffc17</td></tr>
<tr>
<td title='Parallel.TestNg_ParallelTestingTest.runScenario()'><b>runScenario</b><br>Test class: Parallel.TestNg_ParallelTestingTest<br>Test method: Runs Cucumber Scenarios<br>Parameters: "Account page title", "Optional[My Account Page Feature]"</td>
<td><div><pre>java.lang.NullPointerException: Cannot invoke &quot;org.openqa.selenium.WebDriver.get(String)&quot; because the return value of &quot;com.qa.factory.DriverFactory.getDriver()&quot; is null
	at Parallel.AccountPageSteps.user_is_already_logged_in_the_application(AccountPageSteps.java:24)
	at ?.User is already logged in the application(classpath:Parallel/MyAccount.feature:6)
</pre></div><a href='#' onClick='toggleBox("stack-trace573498732", this, "Click to show all stack frames", "Click to hide stack frames")'>Click to show all stack frames</a>
<div class='stack-trace' id='stack-trace573498732'><pre>java.lang.NullPointerException: Cannot invoke &quot;org.openqa.selenium.WebDriver.get(String)&quot; because the return value of &quot;com.qa.factory.DriverFactory.getDriver()&quot; is null
	at Parallel.AccountPageSteps.user_is_already_logged_in_the_application(AccountPageSteps.java:24)
	at ?.User is already logged in the application(classpath:Parallel/MyAccount.feature:6)
</pre></div></td>
<td>0</td>
<td>Parallel.TestNg_ParallelTestingTest@17bffc17</td></tr>
<tr>
<td title='Parallel.TestNg_ParallelTestingTest.runScenario()'><b>runScenario</b><br>Test class: Parallel.TestNg_ParallelTestingTest<br>Test method: Runs Cucumber Scenarios<br>Parameters: "User enter the valid Credintals", "Optional[Login Page]"</td>
<td><div><pre>java.lang.NullPointerException: Cannot invoke &quot;org.openqa.selenium.WebDriver.get(String)&quot; because the return value of &quot;com.qa.factory.DriverFactory.getDriver()&quot; is null
	at Parallel.LoginPageStep.userIsOnLoginPage(LoginPageStep.java:18)
	at ?.User is on login Page(classpath:Parallel/LoginPage.feature:5)
</pre></div><a href='#' onClick='toggleBox("stack-trace1502558650", this, "Click to show all stack frames", "Click to hide stack frames")'>Click to show all stack frames</a>
<div class='stack-trace' id='stack-trace1502558650'><pre>java.lang.NullPointerException: Cannot invoke &quot;org.openqa.selenium.WebDriver.get(String)&quot; because the return value of &quot;com.qa.factory.DriverFactory.getDriver()&quot; is null
	at Parallel.LoginPageStep.userIsOnLoginPage(LoginPageStep.java:18)
	at ?.User is on login Page(classpath:Parallel/LoginPage.feature:5)
</pre></div></td>
<td>0</td>
<td>Parallel.TestNg_ParallelTestingTest@17bffc17</td></tr>
</table><p>
</body>
</html>